#! /c/Source/iverilog-install/bin/vvp
:ivl_version "12.0 (devel)" "(s20150603-1539-g2693dd32b)";
:ivl_delay_selection "TYPICAL";
:vpi_time_precision - 12;
:vpi_module "C:\iverilog\lib\ivl\system.vpi";
:vpi_module "C:\iverilog\lib\ivl\vhdl_sys.vpi";
:vpi_module "C:\iverilog\lib\ivl\vhdl_textio.vpi";
:vpi_module "C:\iverilog\lib\ivl\v2005_math.vpi";
:vpi_module "C:\iverilog\lib\ivl\va_math.vpi";
S_000001bd11c990e0 .scope module, "top_module_tb" "top_module_tb" 2 3;
 .timescale -9 -12;
v000001bd11c9a7d0_0 .var "clk", 0 0;
v000001bd11c9a870_0 .net "done", 0 0, L_000001bd11ca4340;  1 drivers
v000001bd11c9d6e0_0 .var "in", 0 0;
v000001bd11ca40c0_0 .var "reset", 0 0;
S_000001bd11dcbd00 .scope task, "send_byte" "send_byte" 2 34, 2 34 0, S_000001bd11c990e0;
 .timescale -9 -12;
v000001bd11c95770_0 .var "data", 7 0;
v000001bd11dc6f30_0 .var/i "i", 31 0;
v000001bd11dc6690_0 .var "send_correct_stop", 0 0;
E_000001bd11c949e0 .event posedge, v000001bd11c9a410_0;
TD_top_module_tb.send_byte ;
    %pushi/vec4 0, 0, 1;
    %store/vec4 v000001bd11c9d6e0_0, 0, 1;
    %wait E_000001bd11c949e0;
    %pushi/vec4 0, 0, 32;
    %store/vec4 v000001bd11dc6f30_0, 0, 32;
T_0.0 ;
    %load/vec4 v000001bd11dc6f30_0;
    %cmpi/s 8, 0, 32;
    %jmp/0xz T_0.1, 5;
    %load/vec4 v000001bd11c95770_0;
    %load/vec4 v000001bd11dc6f30_0;
    %part/s 1;
    %store/vec4 v000001bd11c9d6e0_0, 0, 1;
    %wait E_000001bd11c949e0;
    %load/vec4 v000001bd11dc6f30_0;
    %addi 1, 0, 32;
    %store/vec4 v000001bd11dc6f30_0, 0, 32;
    %jmp T_0.0;
T_0.1 ;
    %load/vec4 v000001bd11dc6690_0;
    %flag_set/vec4 8;
    %jmp/0 T_0.2, 8;
    %pushi/vec4 1, 0, 2;
    %jmp/1 T_0.3, 8;
T_0.2 ; End of true expr.
    %pushi/vec4 0, 0, 2;
    %jmp/0 T_0.3, 8;
 ; End of false expr.
    %blend;
T_0.3;
    %pad/s 1;
    %store/vec4 v000001bd11c9d6e0_0, 0, 1;
    %wait E_000001bd11c949e0;
    %pushi/vec4 1, 0, 1;
    %store/vec4 v000001bd11c9d6e0_0, 0, 1;
    %wait E_000001bd11c949e0;
    %end;
S_000001bd11dc6730 .scope module, "uut" "top_module" 2 14, 3 1 0, S_000001bd11c990e0;
 .timescale 0 0;
    .port_info 0 /INPUT 1 "clk";
    .port_info 1 /INPUT 1 "in";
    .port_info 2 /INPUT 1 "reset";
    .port_info 3 /OUTPUT 1 "done";
P_000001bd11dc68c0 .param/l "DONE" 0 3 8, C4<100>;
P_000001bd11dc68f8 .param/l "IDLE" 0 3 8, C4<000>;
P_000001bd11dc6930 .param/l "READ" 0 3 8, C4<001>;
P_000001bd11dc6968 .param/l "STOP" 0 3 8, C4<010>;
P_000001bd11dc69a0 .param/l "WAIT" 0 3 8, C4<011>;
L_000001bd11cfdfe8 .functor BUFT 1, C4<100>, C4<0>, C4<0>, C4<0>;
v000001bd11dc69e0_0 .net/2u *"_ivl_0", 2 0, L_000001bd11cfdfe8;  1 drivers
v000001bd11dc6a80_0 .var "bit_cnt", 3 0;
v000001bd11c9a410_0 .net "clk", 0 0, v000001bd11c9a7d0_0;  1 drivers
v000001bd11c9a4b0_0 .net "done", 0 0, L_000001bd11ca4340;  alias, 1 drivers
v000001bd11c9a550_0 .net "in", 0 0, v000001bd11c9d6e0_0;  1 drivers
v000001bd11c9a5f0_0 .var "next_state", 2 0;
v000001bd11c9a690_0 .net "reset", 0 0, v000001bd11ca40c0_0;  1 drivers
v000001bd11c9a730_0 .var "state", 2 0;
E_000001bd11c94a60 .event anyedge, v000001bd11c9a730_0, v000001bd11c9a550_0, v000001bd11dc6a80_0;
L_000001bd11ca4340 .cmp/eq 3, v000001bd11c9a730_0, L_000001bd11cfdfe8;
    .scope S_000001bd11dc6730;
T_1 ;
    %wait E_000001bd11c949e0;
    %load/vec4 v000001bd11c9a690_0;
    %flag_set/vec4 8;
    %jmp/0xz  T_1.0, 8;
    %pushi/vec4 0, 0, 3;
    %assign/vec4 v000001bd11c9a730_0, 0;
    %jmp T_1.1;
T_1.0 ;
    %load/vec4 v000001bd11c9a5f0_0;
    %assign/vec4 v000001bd11c9a730_0, 0;
T_1.1 ;
    %jmp T_1;
    .thread T_1;
    .scope S_000001bd11dc6730;
T_2 ;
    %wait E_000001bd11c949e0;
    %load/vec4 v000001bd11c9a690_0;
    %flag_set/vec4 8;
    %jmp/0xz  T_2.0, 8;
    %pushi/vec4 0, 0, 4;
    %assign/vec4 v000001bd11dc6a80_0, 0;
    %jmp T_2.1;
T_2.0 ;
    %load/vec4 v000001bd11c9a730_0;
    %cmpi/e 1, 0, 3;
    %jmp/0xz  T_2.2, 4;
    %load/vec4 v000001bd11dc6a80_0;
    %addi 1, 0, 4;
    %assign/vec4 v000001bd11dc6a80_0, 0;
    %jmp T_2.3;
T_2.2 ;
    %pushi/vec4 0, 0, 4;
    %assign/vec4 v000001bd11dc6a80_0, 0;
T_2.3 ;
T_2.1 ;
    %jmp T_2;
    .thread T_2;
    .scope S_000001bd11dc6730;
T_3 ;
    %wait E_000001bd11c94a60;
    %load/vec4 v000001bd11c9a730_0;
    %dup/vec4;
    %pushi/vec4 0, 0, 3;
    %cmp/u;
    %jmp/1 T_3.0, 6;
    %dup/vec4;
    %pushi/vec4 1, 0, 3;
    %cmp/u;
    %jmp/1 T_3.1, 6;
    %dup/vec4;
    %pushi/vec4 2, 0, 3;
    %cmp/u;
    %jmp/1 T_3.2, 6;
    %dup/vec4;
    %pushi/vec4 4, 0, 3;
    %cmp/u;
    %jmp/1 T_3.3, 6;
    %dup/vec4;
    %pushi/vec4 3, 0, 3;
    %cmp/u;
    %jmp/1 T_3.4, 6;
    %pushi/vec4 0, 0, 3;
    %store/vec4 v000001bd11c9a5f0_0, 0, 3;
    %jmp T_3.6;
T_3.0 ;
    %load/vec4 v000001bd11c9a550_0;
    %pad/u 32;
    %cmpi/e 0, 0, 32;
    %flag_mov 8, 4;
    %jmp/0 T_3.7, 8;
    %pushi/vec4 1, 0, 3;
    %jmp/1 T_3.8, 8;
T_3.7 ; End of true expr.
    %pushi/vec4 0, 0, 3;
    %jmp/0 T_3.8, 8;
 ; End of false expr.
    %blend;
T_3.8;
    %store/vec4 v000001bd11c9a5f0_0, 0, 3;
    %jmp T_3.6;
T_3.1 ;
    %load/vec4 v000001bd11dc6a80_0;
    %cmpi/e 7, 0, 4;
    %jmp/0xz  T_3.9, 4;
    %pushi/vec4 2, 0, 3;
    %store/vec4 v000001bd11c9a5f0_0, 0, 3;
    %jmp T_3.10;
T_3.9 ;
    %pushi/vec4 1, 0, 3;
    %store/vec4 v000001bd11c9a5f0_0, 0, 3;
T_3.10 ;
    %jmp T_3.6;
T_3.2 ;
    %load/vec4 v000001bd11c9a550_0;
    %pad/u 32;
    %cmpi/e 1, 0, 32;
    %jmp/0xz  T_3.11, 4;
    %pushi/vec4 4, 0, 3;
    %store/vec4 v000001bd11c9a5f0_0, 0, 3;
    %jmp T_3.12;
T_3.11 ;
    %pushi/vec4 3, 0, 3;
    %store/vec4 v000001bd11c9a5f0_0, 0, 3;
T_3.12 ;
    %jmp T_3.6;
T_3.3 ;
    %load/vec4 v000001bd11c9a550_0;
    %pad/u 32;
    %cmpi/e 0, 0, 32;
    %flag_mov 8, 4;
    %jmp/0 T_3.13, 8;
    %pushi/vec4 1, 0, 3;
    %jmp/1 T_3.14, 8;
T_3.13 ; End of true expr.
    %pushi/vec4 0, 0, 3;
    %jmp/0 T_3.14, 8;
 ; End of false expr.
    %blend;
T_3.14;
    %store/vec4 v000001bd11c9a5f0_0, 0, 3;
    %jmp T_3.6;
T_3.4 ;
    %load/vec4 v000001bd11c9a550_0;
    %pad/u 32;
    %cmpi/e 1, 0, 32;
    %flag_mov 8, 4;
    %jmp/0 T_3.15, 8;
    %pushi/vec4 0, 0, 3;
    %jmp/1 T_3.16, 8;
T_3.15 ; End of true expr.
    %pushi/vec4 3, 0, 3;
    %jmp/0 T_3.16, 8;
 ; End of false expr.
    %blend;
T_3.16;
    %store/vec4 v000001bd11c9a5f0_0, 0, 3;
    %jmp T_3.6;
T_3.6 ;
    %pop/vec4 1;
    %jmp T_3;
    .thread T_3, $push;
    .scope S_000001bd11c990e0;
T_4 ;
    %pushi/vec4 0, 0, 1;
    %store/vec4 v000001bd11c9a7d0_0, 0, 1;
    %end;
    .thread T_4;
    .scope S_000001bd11c990e0;
T_5 ;
    %delay 5000, 0;
    %load/vec4 v000001bd11c9a7d0_0;
    %inv;
    %store/vec4 v000001bd11c9a7d0_0, 0, 1;
    %jmp T_5;
    .thread T_5;
    .scope S_000001bd11c990e0;
T_6 ;
    %vpi_call 2 28 "$dumpfile", "uart_sim.vcd" {0 0 0};
    %vpi_call 2 30 "$dumpvars", 32'sb00000000000000000000000000000000, S_000001bd11c990e0 {0 0 0};
    %end;
    .thread T_6;
    .scope S_000001bd11c990e0;
T_7 ;
    %pushi/vec4 1, 0, 1;
    %store/vec4 v000001bd11c9d6e0_0, 0, 1;
    %pushi/vec4 0, 0, 1;
    %store/vec4 v000001bd11ca40c0_0, 0, 1;
    %pushi/vec4 2, 0, 32;
T_7.0 %dup/vec4;
    %pushi/vec4 0, 0, 32;
    %cmp/s;
    %jmp/1xz T_7.1, 5;
    %jmp/1 T_7.1, 4;
    %pushi/vec4 1, 0, 32;
    %sub;
    %wait E_000001bd11c949e0;
    %jmp T_7.0;
T_7.1 ;
    %pop/vec4 1;
    %pushi/vec4 1, 0, 1;
    %store/vec4 v000001bd11ca40c0_0, 0, 1;
    %pushi/vec4 2, 0, 32;
T_7.2 %dup/vec4;
    %pushi/vec4 0, 0, 32;
    %cmp/s;
    %jmp/1xz T_7.3, 5;
    %jmp/1 T_7.3, 4;
    %pushi/vec4 1, 0, 32;
    %sub;
    %wait E_000001bd11c949e0;
    %jmp T_7.2;
T_7.3 ;
    %pop/vec4 1;
    %pushi/vec4 0, 0, 1;
    %store/vec4 v000001bd11ca40c0_0, 0, 1;
    %wait E_000001bd11c949e0;
    %vpi_call 2 70 "$display", "Sending 0xA5 with correct stop bit..." {0 0 0};
    %pushi/vec4 165, 0, 8;
    %store/vec4 v000001bd11c95770_0, 0, 8;
    %pushi/vec4 1, 0, 1;
    %store/vec4 v000001bd11dc6690_0, 0, 1;
    %fork TD_top_module_tb.send_byte, S_000001bd11dcbd00;
    %join;
    %vpi_call 2 74 "$display", "Sending 0xFF with MISSING stop bit..." {0 0 0};
    %pushi/vec4 255, 0, 8;
    %store/vec4 v000001bd11c95770_0, 0, 8;
    %pushi/vec4 0, 0, 1;
    %store/vec4 v000001bd11dc6690_0, 0, 1;
    %fork TD_top_module_tb.send_byte, S_000001bd11dcbd00;
    %join;
    %pushi/vec4 5, 0, 32;
T_7.4 %dup/vec4;
    %pushi/vec4 0, 0, 32;
    %cmp/s;
    %jmp/1xz T_7.5, 5;
    %jmp/1 T_7.5, 4;
    %pushi/vec4 1, 0, 32;
    %sub;
    %wait E_000001bd11c949e0;
    %jmp T_7.4;
T_7.5 ;
    %pop/vec4 1;
    %pushi/vec4 1, 0, 1;
    %store/vec4 v000001bd11c9d6e0_0, 0, 1;
    %pushi/vec4 5, 0, 32;
T_7.6 %dup/vec4;
    %pushi/vec4 0, 0, 32;
    %cmp/s;
    %jmp/1xz T_7.7, 5;
    %jmp/1 T_7.7, 4;
    %pushi/vec4 1, 0, 32;
    %sub;
    %wait E_000001bd11c949e0;
    %jmp T_7.6;
T_7.7 ;
    %pop/vec4 1;
    %vpi_call 2 82 "$display", "Simulation complete. Open uart_sim.vcd in GTKWave." {0 0 0};
    %vpi_call 2 83 "$finish" {0 0 0};
    %end;
    .thread T_7;
# The file index is used to find the file name in the following table.
:file_names 4;
    "N/A";
    "<interactive>";
    "tb.v";
    "serial_receiver.v";
